[2023-02-05 16:59:50] Executing bootstrap tasks
[2023-02-05 16:59:50] OpenJDK Runtime Environment 17.0.4.1+1
[2023-02-05 16:59:50] Product org.eclipse.products.epp.package.java.2022-12
[2023-02-05 16:59:50] Bundle org.eclipse.oomph.setup 1.25.0.v20220914-1119, build=5729, branch=e3a48095495b13551e05eca4aaee5945806274ab
[2023-02-05 16:59:50] Bundle org.eclipse.oomph.setup.core 1.26.0.v20221125-1553, build=5729, branch=e3a48095495b13551e05eca4aaee5945806274ab
[2023-02-05 16:59:50] Bundle org.eclipse.oomph.setup.p2 1.19.0.v20220607-1104, build=5729, branch=e3a48095495b13551e05eca4aaee5945806274ab
[2023-02-05 16:59:50] Performing P2 Director (Eclipse IDE for Java Developers (2022-12))
[2023-02-05 16:59:50] Offline = false
[2023-02-05 16:59:50] Mirrors = true
[2023-02-05 16:59:50] Resolving 17 requirements from 3 repositories to C:\Users\Lenovo\eclipse\java-2022-123\eclipse
[2023-02-05 16:59:50] Requirement org.eclipse.equinox.p2.iu:epp.package.java [4.26.0,5.0.0) (filter=(|(&(osgi.arch=aarch64)(osgi.os=linux)(osgi.ws=gtk))(&(osgi.arch=aarch64)(osgi.os=macosx)(osgi.ws=cocoa))(&(osgi.arch=x86_64)(osgi.os=linux)(osgi.ws=gtk))(&(osgi.arch=x86_64)(osgi.os=macosx)(osgi.ws=cocoa))(&(osgi.arch=x86_64)(osgi.os=win32)(osgi.ws=win32))))
[2023-02-05 16:59:50] Requirement org.eclipse.equinox.p2.iu:org.eclipse.platform.feature.group [4.26.0,5.0.0)
[2023-02-05 16:59:50] Requirement org.eclipse.equinox.p2.iu:org.eclipse.rcp.feature.group [4.26.0,5.0.0)
[2023-02-05 16:59:50] Requirement org.eclipse.equinox.p2.iu:org.eclipse.buildship.feature.group
[2023-02-05 16:59:50] Requirement org.eclipse.equinox.p2.iu:org.eclipse.eclemma.feature.feature.group
[2023-02-05 16:59:50] Requirement org.eclipse.equinox.p2.iu:org.eclipse.egit.feature.group
[2023-02-05 16:59:50] Requirement org.eclipse.equinox.p2.iu:org.eclipse.epp.mpc.feature.group
[2023-02-05 16:59:50] Requirement org.eclipse.equinox.p2.iu:org.eclipse.jdt.feature.group
[2023-02-05 16:59:50] Requirement org.eclipse.equinox.p2.iu:org.eclipse.jgit.feature.group
[2023-02-05 16:59:50] Requirement org.eclipse.equinox.p2.iu:org.eclipse.m2e.feature.feature.group
[2023-02-05 16:59:50] Requirement org.eclipse.equinox.p2.iu:org.eclipse.m2e.lemminx.feature.feature.group
[2023-02-05 16:59:50] Requirement org.eclipse.equinox.p2.iu:org.eclipse.m2e.logback.feature.feature.group
[2023-02-05 16:59:50] Requirement org.eclipse.equinox.p2.iu:org.eclipse.mylyn.wikitext_feature.feature.group
[2023-02-05 16:59:50] Requirement org.eclipse.equinox.p2.iu:org.eclipse.tips.feature.feature.group
[2023-02-05 16:59:50] Requirement org.eclipse.equinox.p2.iu:org.eclipse.tm.terminal.feature.feature.group
[2023-02-05 16:59:50] Requirement org.eclipse.equinox.p2.iu:org.eclipse.wildwebdeveloper.xml.feature.feature.group
[2023-02-05 16:59:50] Requirement org.eclipse.equinox.p2.iu:org.eclipse.oomph.setup.feature.group
[2023-02-05 16:59:50] Repository https://download.eclipse.org/technology/epp/packages/2022-12/202212011200
[2023-02-05 16:59:50] Repository https://download.eclipse.org/releases/2022-12/202212071000
[2023-02-05 16:59:50] Repository https://download.eclipse.org/oomph/updates/milestone/latest
[2023-02-05 16:59:55] Calculating requirements and dependencies.
[2023-02-05 16:59:57] Computing prerequisite plan
[2023-02-05 16:59:57] An error was detected while performing the engine operation and the changes are being rolled back. See the log for details.
[2023-02-05 16:59:57] ERROR: org.eclipse.equinox.p2.engine code=4 An error occurred while collecting items to be installed
  at org.eclipse.oomph.util.OomphPlugin.coreException(OomphPlugin.java:296)
  at org.eclipse.oomph.p2.internal.core.ProfileTransactionImpl$3.commit(ProfileTransactionImpl.java:561)
  at org.eclipse.oomph.p2.internal.core.ProfileTransactionImpl.commit(ProfileTransactionImpl.java:347)
  at org.eclipse.oomph.setup.p2.impl.P2TaskImpl.perform(P2TaskImpl.java:904)
  at org.eclipse.oomph.setup.internal.core.SetupTaskPerformer.doPerformNeededSetupTasks(SetupTaskPerformer.java:3864)
  at org.eclipse.oomph.setup.internal.core.SetupTaskPerformer.performNeededSetupTasks(SetupTaskPerformer.java:3792)
  at org.eclipse.oomph.setup.internal.core.SetupTaskPerformer.performTriggeredSetupTasks(SetupTaskPerformer.java:3773)
  at org.eclipse.oomph.setup.internal.core.SetupTaskPerformer.perform(SetupTaskPerformer.java:3651)
  at org.eclipse.oomph.setup.internal.installer.SimpleVariablePage.installPerform(SimpleVariablePage.java:1353)
  at org.eclipse.oomph.setup.internal.installer.SimpleVariablePage$20.run(SimpleVariablePage.java:1165)
  ERROR: org.eclipse.equinox.p2.engine code=0 session context was:(profile=C__Users_Lenovo_eclipse_java-2022-123_eclipse, phase=org.eclipse.equinox.internal.p2.engine.phases.Collect, operand=null --> [R]a.jre.javase 19.0.0, action=).
  ERROR: org.eclipse.equinox.p2.engine code=0 The required Touchpoint: org.eclipse.equinox.p2.native 1.0.0 touchpoint for the collect action is not included in the installation manager configuration.
  java.lang.IllegalArgumentException: The required Touchpoint: org.eclipse.equinox.p2.native 1.0.0 touchpoint for the collect action is not included in the installation manager configuration.
    at org.eclipse.equinox.internal.p2.engine.ActionManager.getTouchpointQualifiedActionId(ActionManager.java:61)
    at org.eclipse.equinox.internal.p2.engine.phases.Collect.getActions(Collect.java:62)
    at org.eclipse.equinox.internal.p2.engine.InstallableUnitPhase.getActions(InstallableUnitPhase.java:83)
    at org.eclipse.equinox.internal.p2.engine.Phase.mainPerform(Phase.java:147)
    at org.eclipse.equinox.internal.p2.engine.Phase.perform(Phase.java:99)
    at org.eclipse.equinox.internal.p2.engine.PhaseSet.perform(PhaseSet.java:50)
    at org.eclipse.equinox.internal.p2.engine.Engine.perform(Engine.java:80)
    at org.eclipse.equinox.internal.p2.engine.Engine.perform(Engine.java:48)
    at org.eclipse.equinox.internal.provisional.p2.director.PlanExecutionHelper.executePlan(PlanExecutionHelper.java:48)
    at org.eclipse.oomph.p2.internal.core.ProfileTransactionImpl$3.commit(ProfileTransactionImpl.java:557)
    at org.eclipse.oomph.p2.internal.core.ProfileTransactionImpl.commit(ProfileTransactionImpl.java:347)
    at org.eclipse.oomph.setup.p2.impl.P2TaskImpl.perform(P2TaskImpl.java:904)
    at org.eclipse.oomph.setup.internal.core.SetupTaskPerformer.doPerformNeededSetupTasks(SetupTaskPerformer.java:3864)
    at org.eclipse.oomph.setup.internal.core.SetupTaskPerformer.performNeededSetupTasks(SetupTaskPerformer.java:3792)
    at org.eclipse.oomph.setup.internal.core.SetupTaskPerformer.performTriggeredSetupTasks(SetupTaskPerformer.java:3773)
    at org.eclipse.oomph.setup.internal.core.SetupTaskPerformer.perform(SetupTaskPerformer.java:3651)
    at org.eclipse.oomph.setup.internal.installer.SimpleVariablePage.installPerform(SimpleVariablePage.java:1353)
    at org.eclipse.oomph.setup.internal.installer.SimpleVariablePage$20.run(SimpleVariablePage.java:1165)

[2023-02-05 16:59:57] 
